<?xml version="1.0" encoding="UTF-8"?>
<robot generator="Robot 6.1.1 (Python 3.10.12 on darwin)" generated="20231214 14:46:51.033" rpa="false" schemaversion="4">
<suite id="s1" name="Tasks" source="/Users/bayank/git/rpa_pricechecker/tasks.robot">
<test id="s1-t1" name="CheckPrice" line="18">
<kw name="Open Browser" library="RPA.Browser.Selenium">
<arg>${url}</arg>
<arg>${browser}</arg>
<doc>Opens a new browser instance to the optional ``url``.</doc>
<msg timestamp="20231214 14:46:51.681" level="INFO">Opening browser 'firefox' to base url 'https://www.potterybarn.com/products/markle-antiqued-panel-mirror/'.</msg>
<status status="PASS" starttime="20231214 14:46:51.680" endtime="20231214 14:46:57.918"/>
</kw>
<kw name="MinimizePopup">
<kw name="Click Element" library="RPA.Browser.Selenium">
<arg>alias:close_popup</arg>
<doc>Click the element identified by ``locator``.</doc>
<msg timestamp="20231214 14:46:57.921" level="INFO">Clicking element 'alias:close_popup'.</msg>
<status status="PASS" starttime="20231214 14:46:57.921" endtime="20231214 14:46:58.893"/>
</kw>
<status status="PASS" starttime="20231214 14:46:57.920" endtime="20231214 14:46:58.893"/>
</kw>
<kw name="Sleep" library="BuiltIn">
<arg>1</arg>
<doc>Pauses the test executed for the given time.</doc>
<msg timestamp="20231214 14:46:59.896" level="INFO">Slept 1 second</msg>
<status status="PASS" starttime="20231214 14:46:58.894" endtime="20231214 14:46:59.896"/>
</kw>
<kw name="SelectSize">
<kw name="Click Element" library="RPA.Browser.Selenium">
<arg>xpath=//span[normalize-space()='30.5" x 30.5"']</arg>
<doc>Click the element identified by ``locator``.</doc>
<msg timestamp="20231214 14:46:59.897" level="INFO">Clicking element 'xpath=//span[normalize-space()='30.5" x 30.5"']'.</msg>
<status status="PASS" starttime="20231214 14:46:59.897" endtime="20231214 14:47:00.202"/>
</kw>
<status status="PASS" starttime="20231214 14:46:59.896" endtime="20231214 14:47:00.202"/>
</kw>
<kw name="Sleep" library="BuiltIn">
<arg>1</arg>
<doc>Pauses the test executed for the given time.</doc>
<msg timestamp="20231214 14:47:01.204" level="INFO">Slept 1 second</msg>
<status status="PASS" starttime="20231214 14:47:00.203" endtime="20231214 14:47:01.204"/>
</kw>
<kw name="Get Text" library="RPA.Browser.Selenium">
<var>${currentprice}</var>
<arg>//div[@data-test-id='desktop-product-details']//li[@class='product-price']</arg>
<doc>Returns the text value of the element identified by ``locator``.</doc>
<msg timestamp="20231214 14:47:01.234" level="INFO">${currentprice} = $399</msg>
<status status="PASS" starttime="20231214 14:47:01.205" endtime="20231214 14:47:01.234"/>
</kw>
<kw name="Log" library="BuiltIn">
<arg>The current price is ${currentprice}</arg>
<doc>Logs the given message with the given level.</doc>
<msg timestamp="20231214 14:47:01.235" level="INFO">The current price is $399</msg>
<status status="PASS" starttime="20231214 14:47:01.234" endtime="20231214 14:47:01.235"/>
</kw>
<kw name="Evaluate" library="BuiltIn">
<var>${currentprice}</var>
<arg>int(${currentprice}[1:])</arg>
<doc>Evaluates the given expression in Python and returns the result.</doc>
<msg timestamp="20231214 14:47:01.236" level="INFO">${currentprice} = 399</msg>
<status status="PASS" starttime="20231214 14:47:01.236" endtime="20231214 14:47:01.237"/>
</kw>
<kw name="Set Suite Variable" library="BuiltIn">
<arg>${currentprice}</arg>
<arg>${currentprice}</arg>
<doc>Makes a variable available everywhere within the scope of the current suite.</doc>
<msg timestamp="20231214 14:47:01.237" level="INFO">${currentprice} = 399</msg>
<status status="PASS" starttime="20231214 14:47:01.237" endtime="20231214 14:47:01.238"/>
</kw>
<kw name="Log" library="BuiltIn">
<arg>The current price as an integer is now ${currentprice}</arg>
<doc>Logs the given message with the given level.</doc>
<msg timestamp="20231214 14:47:01.238" level="INFO">The current price as an integer is now 399</msg>
<status status="PASS" starttime="20231214 14:47:01.238" endtime="20231214 14:47:01.239"/>
</kw>
<if>
<branch type="IF" condition="${currentprice} &lt;= ${baseprice}">
<kw name="PriceDropped">
<kw name="Log" library="BuiltIn">
<arg>PRICE DROPPED!!!</arg>
<doc>Logs the given message with the given level.</doc>
<msg timestamp="20231214 14:47:01.240" level="INFO">PRICE DROPPED!!!</msg>
<status status="PASS" starttime="20231214 14:47:01.240" endtime="20231214 14:47:01.240"/>
</kw>
<status status="PASS" starttime="20231214 14:47:01.239" endtime="20231214 14:47:01.240"/>
</kw>
<kw name="SendEmail">
<kw name="Get Secret" library="RPA.Robocorp.Vault">
<var>${secret}</var>
<arg>gmail</arg>
<doc>Read a secret from the configured source, e.g. Robocorp Vault,
and return it as a ``Secret`` object.</doc>
<msg timestamp="20231214 14:47:01.241" level="INFO">Protecting keyword: RPA.Robocorp.Vault.Get Secret</msg>
<msg timestamp="20231214 14:47:01.242" level="INFO">Log level changed from NONE to INFO.</msg>
<status status="PASS" starttime="20231214 14:47:01.240" endtime="20231214 14:47:01.242"/>
</kw>
<kw name="Authorize" library="RPA.Email.ImapSmtp">
<arg>account=${secret}[USERNAME]</arg>
<arg>password=${secret}[PASSWORD]</arg>
<doc>Authorize user to SMTP and IMAP servers.</doc>
<msg timestamp="20231214 14:47:01.243" level="INFO">Protecting keyword: RPA.Email.ImapSmtp.Authorize</msg>
<msg timestamp="20231214 14:47:02.118" level="INFO">Log level changed from NONE to INFO.</msg>
<status status="PASS" starttime="20231214 14:47:01.242" endtime="20231214 14:47:02.118"/>
</kw>
<kw name="Send Message" library="RPA.Email.ImapSmtp">
<arg>sender=${USERNAME}</arg>
<arg>recipients=${RECIPIENT}</arg>
<arg>subject=Price of the mirror dropped to $${currentprice}</arg>
<arg>body=The 30.5 X 30.5 mirror at Pottery Barn at ${url} which is normally priced at $${baseprice} is now $${currentprice}!!!</arg>
<doc>Send SMTP email</doc>
<status status="PASS" starttime="20231214 14:47:02.118" endtime="20231214 14:47:02.592"/>
</kw>
<status status="PASS" starttime="20231214 14:47:01.240" endtime="20231214 14:47:02.592"/>
</kw>
<status status="PASS" starttime="20231214 14:47:01.239" endtime="20231214 14:47:02.593"/>
</branch>
<status status="PASS" starttime="20231214 14:47:01.239" endtime="20231214 14:47:02.593"/>
</if>
<kw name="Close Browser" library="RPA.Browser.Selenium">
<doc>Closes the current browser.</doc>
<status status="PASS" starttime="20231214 14:47:02.594" endtime="20231214 14:47:03.358"/>
</kw>
<status status="PASS" starttime="20231214 14:46:51.680" endtime="20231214 14:47:03.359"/>
</test>
<status status="PASS" starttime="20231214 14:46:51.037" endtime="20231214 14:47:03.359"/>
</suite>
<statistics>
<total>
<stat pass="1" fail="0" skip="0">All Tests</stat>
</total>
<tag>
</tag>
<suite>
<stat pass="1" fail="0" skip="0" id="s1" name="Tasks">Tasks</stat>
</suite>
</statistics>
<errors>
</errors>
</robot>
